Terminals unused in grammar

   MK_DOT
   ERROR


状态 203 conflicts: 1 shift/reduce


语法

    0 $accept: program $end

    1 program: global_decl_list
    2        | /* 空 */

    3 global_decl_list: global_decl_list global_decl
    4                 | global_decl

    5 global_decl: decl_list function_decl
    6            | function_decl

    7 function_decl: type ID MK_LPAREN param_list MK_RPAREN MK_LBRACE block MK_RBRACE
    8              | VOID ID MK_LPAREN param_list MK_RPAREN MK_LBRACE block MK_RBRACE
    9              | type ID MK_LPAREN MK_RPAREN MK_LBRACE block MK_RBRACE
   10              | VOID ID MK_LPAREN MK_RPAREN MK_LBRACE block MK_RBRACE

   11 param_list: param_list MK_COMMA param
   12           | param

   13 param: type ID
   14      | type ID dim_fn

   15 dim_fn: MK_LB expr_null MK_RB
   16       | dim_fn MK_LB expr MK_RB

   17 expr_null: expr
   18          | /* 空 */

   19 block: decl_list stmt_list
   20      | stmt_list
   21      | decl_list
   22      | /* 空 */

   23 decl_list: decl_list decl
   24          | decl

   25 decl: type_decl
   26     | var_decl

   27 type_decl: TYPEDEF type id_list MK_SEMICOLON
   28          | TYPEDEF VOID id_list MK_SEMICOLON

   29 var_decl: type init_id_list MK_SEMICOLON
   30         | ID id_list MK_SEMICOLON

   31 type: INT
   32     | FLOAT

   33 id_list: ID
   34        | id_list MK_COMMA ID
   35        | id_list MK_COMMA ID dim_decl
   36        | ID dim_decl

   37 dim_decl: MK_LB cexpr MK_RB
   38         | dim_decl MK_LB cexpr MK_RB

   39 cexpr: cexpr OP_PLUS mcexpr
   40      | cexpr OP_MINUS mcexpr
   41      | mcexpr

   42 mcexpr: mcexpr OP_TIMES cfactor
   43       | mcexpr OP_DIVIDE cfactor
   44       | cfactor

   45 cfactor: CONST
   46        | MK_LPAREN cexpr MK_RPAREN

   47 init_id_list: init_id
   48             | init_id_list MK_COMMA init_id

   49 init_id: ID
   50        | ID dim_decl
   51        | ID OP_ASSIGN relop_expr

   52 stmt_list: stmt_list stmt
   53          | stmt

   54 stmt: MK_LBRACE block MK_RBRACE
   55     | WHILE MK_LPAREN relop_expr_list MK_RPAREN stmt
   56     | FOR MK_LPAREN assign_expr_list MK_SEMICOLON relop_expr_list MK_SEMICOLON assign_expr_list MK_RPAREN stmt
   57     | var_ref OP_ASSIGN relop_expr MK_SEMICOLON
   58     | IF MK_LPAREN relop_expr_list MK_RPAREN stmt else_stmt
   59     | ID MK_LPAREN relop_expr_list MK_RPAREN MK_SEMICOLON
   60     | MK_SEMICOLON
   61     | RETURN MK_SEMICOLON
   62     | RETURN relop_expr MK_SEMICOLON

   63 else_stmt: ELSE stmt
   64          | /* 空 */

   65 assign_expr_list: nonempty_assign_expr_list
   66                 | /* 空 */

   67 nonempty_assign_expr_list: nonempty_assign_expr_list MK_COMMA assign_expr
   68                          | assign_expr

   69 assign_expr: ID OP_ASSIGN relop_expr
   70            | relop_expr

   71 relop_expr: relop_term
   72           | relop_expr OP_OR relop_term

   73 relop_term: relop_factor
   74           | relop_term OP_AND relop_factor

   75 relop_factor: expr
   76             | expr rel_op expr

   77 rel_op: OP_EQ
   78       | OP_GE
   79       | OP_LE
   80       | OP_NE
   81       | OP_GT
   82       | OP_LT

   83 relop_expr_list: nonempty_relop_expr_list
   84                | /* 空 */

   85 nonempty_relop_expr_list: nonempty_relop_expr_list MK_COMMA relop_expr
   86                         | relop_expr

   87 expr: expr add_op term
   88     | term

   89 add_op: OP_PLUS
   90       | OP_MINUS

   91 term: term mul_op factor
   92     | factor

   93 mul_op: OP_TIMES
   94       | OP_DIVIDE

   95 factor: MK_LPAREN relop_expr MK_RPAREN
   96       | OP_MINUS MK_LPAREN relop_expr MK_RPAREN
   97       | OP_NOT MK_LPAREN relop_expr MK_RPAREN
   98       | CONST
   99       | OP_MINUS CONST
  100       | OP_NOT CONST
  101       | ID MK_LPAREN relop_expr_list MK_RPAREN
  102       | OP_MINUS ID MK_LPAREN relop_expr_list MK_RPAREN
  103       | OP_NOT ID MK_LPAREN relop_expr_list MK_RPAREN
  104       | var_ref
  105       | OP_MINUS var_ref
  106       | OP_NOT var_ref

  107 var_ref: ID
  108        | ID dim_list

  109 dim_list: dim_list MK_LB expr MK_RB
  110         | MK_LB expr MK_RB


Terminals, with rules where they appear

$end (0) 0
error (256)
ID (258) 7 8 9 10 13 14 30 33 34 35 36 49 50 51 59 69 101 102 103 107
    108
CONST (259) 45 98 99 100
VOID (260) 8 10 28
INT (261) 31
FLOAT (262) 32
IF (263) 58
ELSE (264) 63
WHILE (265) 55
FOR (266) 56
TYPEDEF (267) 27 28
OP_ASSIGN (268) 51 57 69
OP_OR (269) 72
OP_AND (270) 74
OP_NOT (271) 97 100 103 106
OP_EQ (272) 77
OP_NE (273) 80
OP_GT (274) 81
OP_LT (275) 82
OP_GE (276) 78
OP_LE (277) 79
OP_PLUS (278) 39 89
OP_MINUS (279) 40 90 96 99 102 105
OP_TIMES (280) 42 93
OP_DIVIDE (281) 43 94
MK_LB (282) 15 16 37 38 109 110
MK_RB (283) 15 16 37 38 109 110
MK_LPAREN (284) 7 8 9 10 46 55 56 58 59 95 96 97 101 102 103
MK_RPAREN (285) 7 8 9 10 46 55 56 58 59 95 96 97 101 102 103
MK_LBRACE (286) 7 8 9 10 54
MK_RBRACE (287) 7 8 9 10 54
MK_COMMA (288) 11 34 35 48 67 85
MK_SEMICOLON (289) 27 28 29 30 56 57 59 60 61 62
MK_DOT (290)
ERROR (291)
RETURN (292) 61 62


Nonterminals, with rules where they appear

$accept (38)
    左： 0
program (39)
    左： 1 2, 右： 0
global_decl_list (40)
    左： 3 4, 右： 1 3
global_decl (41)
    左： 5 6, 右： 3 4
function_decl (42)
    左： 7 8 9 10, 右： 5 6
param_list (43)
    左： 11 12, 右： 7 8 11
param (44)
    左： 13 14, 右： 11 12
dim_fn (45)
    左： 15 16, 右： 14 16
expr_null (46)
    左： 17 18, 右： 15
block (47)
    左： 19 20 21 22, 右： 7 8 9 10 54
decl_list (48)
    左： 23 24, 右： 5 19 21 23
decl (49)
    左： 25 26, 右： 23 24
type_decl (50)
    左： 27 28, 右： 25
var_decl (51)
    左： 29 30, 右： 26
type (52)
    左： 31 32, 右： 7 9 13 14 27 29
id_list (53)
    左： 33 34 35 36, 右： 27 28 30 34 35
dim_decl (54)
    左： 37 38, 右： 35 36 38 50
cexpr (55)
    左： 39 40 41, 右： 37 38 39 40 46
mcexpr (56)
    左： 42 43 44, 右： 39 40 41 42 43
cfactor (57)
    左： 45 46, 右： 42 43 44
init_id_list (58)
    左： 47 48, 右： 29 48
init_id (59)
    左： 49 50 51, 右： 47 48
stmt_list (60)
    左： 52 53, 右： 19 20 52
stmt (61)
    左： 54 55 56 57 58 59 60 61 62, 右： 52 53 55 56 58 63
else_stmt (62)
    左： 63 64, 右： 58
assign_expr_list (63)
    左： 65 66, 右： 56
nonempty_assign_expr_list (64)
    左： 67 68, 右： 65 67
assign_expr (65)
    左： 69 70, 右： 67 68
relop_expr (66)
    左： 71 72, 右： 51 57 62 69 70 72 85 86 95 96 97
relop_term (67)
    左： 73 74, 右： 71 72 74
relop_factor (68)
    左： 75 76, 右： 73 74
rel_op (69)
    左： 77 78 79 80 81 82, 右： 76
relop_expr_list (70)
    左： 83 84, 右： 55 56 58 59 101 102 103
nonempty_relop_expr_list (71)
    左： 85 86, 右： 83 85
expr (72)
    左： 87 88, 右： 16 17 75 76 87 109 110
add_op (73)
    左： 89 90, 右： 87
term (74)
    左： 91 92, 右： 87 88 91
mul_op (75)
    左： 93 94, 右： 91
factor (76)
    左： 95 96 97 98 99 100 101 102 103 104 105 106, 右： 91 92
var_ref (77)
    左： 107 108, 右： 57 104 105 106
dim_list (78)
    左： 109 110, 右： 108 109


状态 0

    0 $accept: . program $end

    ID       shift, and go to state 1
    VOID     shift, and go to state 2
    INT      shift, and go to state 3
    FLOAT    shift, and go to state 4
    TYPEDEF  shift, and go to state 5

    $default  reduce using rule 2 (program)

    program           转到状态 6
    global_decl_list  转到状态 7
    global_decl       转到状态 8
    function_decl     转到状态 9
    decl_list         转到状态 10
    decl              转到状态 11
    type_decl         转到状态 12
    var_decl          转到状态 13
    type              转到状态 14


状态 1

   30 var_decl: ID . id_list MK_SEMICOLON

    ID  shift, and go to state 15

    id_list  转到状态 16


状态 2

    8 function_decl: VOID . ID MK_LPAREN param_list MK_RPAREN MK_LBRACE block MK_RBRACE
   10              | VOID . ID MK_LPAREN MK_RPAREN MK_LBRACE block MK_RBRACE

    ID  shift, and go to state 17


状态 3

   31 type: INT .

    $default  reduce using rule 31 (type)


状态 4

   32 type: FLOAT .

    $default  reduce using rule 32 (type)


状态 5

   27 type_decl: TYPEDEF . type id_list MK_SEMICOLON
   28          | TYPEDEF . VOID id_list MK_SEMICOLON

    VOID   shift, and go to state 18
    INT    shift, and go to state 3
    FLOAT  shift, and go to state 4

    type  转到状态 19


状态 6

    0 $accept: program . $end

    $end  shift, and go to state 20


状态 7

    1 program: global_decl_list .
    3 global_decl_list: global_decl_list . global_decl

    ID       shift, and go to state 1
    VOID     shift, and go to state 2
    INT      shift, and go to state 3
    FLOAT    shift, and go to state 4
    TYPEDEF  shift, and go to state 5

    $default  reduce using rule 1 (program)

    global_decl    转到状态 21
    function_decl  转到状态 9
    decl_list      转到状态 10
    decl           转到状态 11
    type_decl      转到状态 12
    var_decl       转到状态 13
    type           转到状态 14


状态 8

    4 global_decl_list: global_decl .

    $default  reduce using rule 4 (global_decl_list)


状态 9

    6 global_decl: function_decl .

    $default  reduce using rule 6 (global_decl)


状态 10

    5 global_decl: decl_list . function_decl
   23 decl_list: decl_list . decl

    ID       shift, and go to state 1
    VOID     shift, and go to state 2
    INT      shift, and go to state 3
    FLOAT    shift, and go to state 4
    TYPEDEF  shift, and go to state 5

    function_decl  转到状态 22
    decl           转到状态 23
    type_decl      转到状态 12
    var_decl       转到状态 13
    type           转到状态 14


状态 11

   24 decl_list: decl .

    $default  reduce using rule 24 (decl_list)


状态 12

   25 decl: type_decl .

    $default  reduce using rule 25 (decl)


状态 13

   26 decl: var_decl .

    $default  reduce using rule 26 (decl)


状态 14

    7 function_decl: type . ID MK_LPAREN param_list MK_RPAREN MK_LBRACE block MK_RBRACE
    9              | type . ID MK_LPAREN MK_RPAREN MK_LBRACE block MK_RBRACE
   29 var_decl: type . init_id_list MK_SEMICOLON

    ID  shift, and go to state 24

    init_id_list  转到状态 25
    init_id       转到状态 26


状态 15

   33 id_list: ID .
   36        | ID . dim_decl

    MK_LB  shift, and go to state 27

    $default  reduce using rule 33 (id_list)

    dim_decl  转到状态 28


状态 16

   30 var_decl: ID id_list . MK_SEMICOLON
   34 id_list: id_list . MK_COMMA ID
   35        | id_list . MK_COMMA ID dim_decl

    MK_COMMA      shift, and go to state 29
    MK_SEMICOLON  shift, and go to state 30


状态 17

    8 function_decl: VOID ID . MK_LPAREN param_list MK_RPAREN MK_LBRACE block MK_RBRACE
   10              | VOID ID . MK_LPAREN MK_RPAREN MK_LBRACE block MK_RBRACE

    MK_LPAREN  shift, and go to state 31


状态 18

   28 type_decl: TYPEDEF VOID . id_list MK_SEMICOLON

    ID  shift, and go to state 15

    id_list  转到状态 32


状态 19

   27 type_decl: TYPEDEF type . id_list MK_SEMICOLON

    ID  shift, and go to state 15

    id_list  转到状态 33


状态 20

    0 $accept: program $end .

    $default  接受


状态 21

    3 global_decl_list: global_decl_list global_decl .

    $default  reduce using rule 3 (global_decl_list)


状态 22

    5 global_decl: decl_list function_decl .

    $default  reduce using rule 5 (global_decl)


状态 23

   23 decl_list: decl_list decl .

    $default  reduce using rule 23 (decl_list)


状态 24

    7 function_decl: type ID . MK_LPAREN param_list MK_RPAREN MK_LBRACE block MK_RBRACE
    9              | type ID . MK_LPAREN MK_RPAREN MK_LBRACE block MK_RBRACE
   49 init_id: ID .
   50        | ID . dim_decl
   51        | ID . OP_ASSIGN relop_expr

    OP_ASSIGN  shift, and go to state 34
    MK_LB      shift, and go to state 27
    MK_LPAREN  shift, and go to state 35

    $default  reduce using rule 49 (init_id)

    dim_decl  转到状态 36


状态 25

   29 var_decl: type init_id_list . MK_SEMICOLON
   48 init_id_list: init_id_list . MK_COMMA init_id

    MK_COMMA      shift, and go to state 37
    MK_SEMICOLON  shift, and go to state 38


状态 26

   47 init_id_list: init_id .

    $default  reduce using rule 47 (init_id_list)


状态 27

   37 dim_decl: MK_LB . cexpr MK_RB

    CONST      shift, and go to state 39
    MK_LPAREN  shift, and go to state 40

    cexpr    转到状态 41
    mcexpr   转到状态 42
    cfactor  转到状态 43


状态 28

   36 id_list: ID dim_decl .
   38 dim_decl: dim_decl . MK_LB cexpr MK_RB

    MK_LB  shift, and go to state 44

    $default  reduce using rule 36 (id_list)


状态 29

   34 id_list: id_list MK_COMMA . ID
   35        | id_list MK_COMMA . ID dim_decl

    ID  shift, and go to state 45


状态 30

   30 var_decl: ID id_list MK_SEMICOLON .

    $default  reduce using rule 30 (var_decl)


状态 31

    8 function_decl: VOID ID MK_LPAREN . param_list MK_RPAREN MK_LBRACE block MK_RBRACE
   10              | VOID ID MK_LPAREN . MK_RPAREN MK_LBRACE block MK_RBRACE

    INT        shift, and go to state 3
    FLOAT      shift, and go to state 4
    MK_RPAREN  shift, and go to state 46

    param_list  转到状态 47
    param       转到状态 48
    type        转到状态 49


状态 32

   28 type_decl: TYPEDEF VOID id_list . MK_SEMICOLON
   34 id_list: id_list . MK_COMMA ID
   35        | id_list . MK_COMMA ID dim_decl

    MK_COMMA      shift, and go to state 29
    MK_SEMICOLON  shift, and go to state 50


状态 33

   27 type_decl: TYPEDEF type id_list . MK_SEMICOLON
   34 id_list: id_list . MK_COMMA ID
   35        | id_list . MK_COMMA ID dim_decl

    MK_COMMA      shift, and go to state 29
    MK_SEMICOLON  shift, and go to state 51


状态 34

   51 init_id: ID OP_ASSIGN . relop_expr

    ID         shift, and go to state 52
    CONST      shift, and go to state 53
    OP_NOT     shift, and go to state 54
    OP_MINUS   shift, and go to state 55
    MK_LPAREN  shift, and go to state 56

    relop_expr    转到状态 57
    relop_term    转到状态 58
    relop_factor  转到状态 59
    expr          转到状态 60
    term          转到状态 61
    factor        转到状态 62
    var_ref       转到状态 63


状态 35

    7 function_decl: type ID MK_LPAREN . param_list MK_RPAREN MK_LBRACE block MK_RBRACE
    9              | type ID MK_LPAREN . MK_RPAREN MK_LBRACE block MK_RBRACE

    INT        shift, and go to state 3
    FLOAT      shift, and go to state 4
    MK_RPAREN  shift, and go to state 64

    param_list  转到状态 65
    param       转到状态 48
    type        转到状态 49


状态 36

   38 dim_decl: dim_decl . MK_LB cexpr MK_RB
   50 init_id: ID dim_decl .

    MK_LB  shift, and go to state 44

    $default  reduce using rule 50 (init_id)


状态 37

   48 init_id_list: init_id_list MK_COMMA . init_id

    ID  shift, and go to state 66

    init_id  转到状态 67


状态 38

   29 var_decl: type init_id_list MK_SEMICOLON .

    $default  reduce using rule 29 (var_decl)


状态 39

   45 cfactor: CONST .

    $default  reduce using rule 45 (cfactor)


状态 40

   46 cfactor: MK_LPAREN . cexpr MK_RPAREN

    CONST      shift, and go to state 39
    MK_LPAREN  shift, and go to state 40

    cexpr    转到状态 68
    mcexpr   转到状态 42
    cfactor  转到状态 43


状态 41

   37 dim_decl: MK_LB cexpr . MK_RB
   39 cexpr: cexpr . OP_PLUS mcexpr
   40      | cexpr . OP_MINUS mcexpr

    OP_PLUS   shift, and go to state 69
    OP_MINUS  shift, and go to state 70
    MK_RB     shift, and go to state 71


状态 42

   41 cexpr: mcexpr .
   42 mcexpr: mcexpr . OP_TIMES cfactor
   43       | mcexpr . OP_DIVIDE cfactor

    OP_TIMES   shift, and go to state 72
    OP_DIVIDE  shift, and go to state 73

    $default  reduce using rule 41 (cexpr)


状态 43

   44 mcexpr: cfactor .

    $default  reduce using rule 44 (mcexpr)


状态 44

   38 dim_decl: dim_decl MK_LB . cexpr MK_RB

    CONST      shift, and go to state 39
    MK_LPAREN  shift, and go to state 40

    cexpr    转到状态 74
    mcexpr   转到状态 42
    cfactor  转到状态 43


状态 45

   34 id_list: id_list MK_COMMA ID .
   35        | id_list MK_COMMA ID . dim_decl

    MK_LB  shift, and go to state 27

    $default  reduce using rule 34 (id_list)

    dim_decl  转到状态 75


状态 46

   10 function_decl: VOID ID MK_LPAREN MK_RPAREN . MK_LBRACE block MK_RBRACE

    MK_LBRACE  shift, and go to state 76


状态 47

    8 function_decl: VOID ID MK_LPAREN param_list . MK_RPAREN MK_LBRACE block MK_RBRACE
   11 param_list: param_list . MK_COMMA param

    MK_RPAREN  shift, and go to state 77
    MK_COMMA   shift, and go to state 78


状态 48

   12 param_list: param .

    $default  reduce using rule 12 (param_list)


状态 49

   13 param: type . ID
   14      | type . ID dim_fn

    ID  shift, and go to state 79


状态 50

   28 type_decl: TYPEDEF VOID id_list MK_SEMICOLON .

    $default  reduce using rule 28 (type_decl)


状态 51

   27 type_decl: TYPEDEF type id_list MK_SEMICOLON .

    $default  reduce using rule 27 (type_decl)


状态 52

  101 factor: ID . MK_LPAREN relop_expr_list MK_RPAREN
  107 var_ref: ID .
  108        | ID . dim_list

    MK_LB      shift, and go to state 80
    MK_LPAREN  shift, and go to state 81

    $default  reduce using rule 107 (var_ref)

    dim_list  转到状态 82


状态 53

   98 factor: CONST .

    $default  reduce using rule 98 (factor)


状态 54

   97 factor: OP_NOT . MK_LPAREN relop_expr MK_RPAREN
  100       | OP_NOT . CONST
  103       | OP_NOT . ID MK_LPAREN relop_expr_list MK_RPAREN
  106       | OP_NOT . var_ref

    ID         shift, and go to state 83
    CONST      shift, and go to state 84
    MK_LPAREN  shift, and go to state 85

    var_ref  转到状态 86


状态 55

   96 factor: OP_MINUS . MK_LPAREN relop_expr MK_RPAREN
   99       | OP_MINUS . CONST
  102       | OP_MINUS . ID MK_LPAREN relop_expr_list MK_RPAREN
  105       | OP_MINUS . var_ref

    ID         shift, and go to state 87
    CONST      shift, and go to state 88
    MK_LPAREN  shift, and go to state 89

    var_ref  转到状态 90


状态 56

   95 factor: MK_LPAREN . relop_expr MK_RPAREN

    ID         shift, and go to state 52
    CONST      shift, and go to state 53
    OP_NOT     shift, and go to state 54
    OP_MINUS   shift, and go to state 55
    MK_LPAREN  shift, and go to state 56

    relop_expr    转到状态 91
    relop_term    转到状态 58
    relop_factor  转到状态 59
    expr          转到状态 60
    term          转到状态 61
    factor        转到状态 62
    var_ref       转到状态 63


状态 57

   51 init_id: ID OP_ASSIGN relop_expr .
   72 relop_expr: relop_expr . OP_OR relop_term

    OP_OR  shift, and go to state 92

    $default  reduce using rule 51 (init_id)


状态 58

   71 relop_expr: relop_term .
   74 relop_term: relop_term . OP_AND relop_factor

    OP_AND  shift, and go to state 93

    $default  reduce using rule 71 (relop_expr)


状态 59

   73 relop_term: relop_factor .

    $default  reduce using rule 73 (relop_term)


状态 60

   75 relop_factor: expr .
   76             | expr . rel_op expr
   87 expr: expr . add_op term

    OP_EQ     shift, and go to state 94
    OP_NE     shift, and go to state 95
    OP_GT     shift, and go to state 96
    OP_LT     shift, and go to state 97
    OP_GE     shift, and go to state 98
    OP_LE     shift, and go to state 99
    OP_PLUS   shift, and go to state 100
    OP_MINUS  shift, and go to state 101

    $default  reduce using rule 75 (relop_factor)

    rel_op  转到状态 102
    add_op  转到状态 103


状态 61

   88 expr: term .
   91 term: term . mul_op factor

    OP_TIMES   shift, and go to state 104
    OP_DIVIDE  shift, and go to state 105

    $default  reduce using rule 88 (expr)

    mul_op  转到状态 106


状态 62

   92 term: factor .

    $default  reduce using rule 92 (term)


状态 63

  104 factor: var_ref .

    $default  reduce using rule 104 (factor)


状态 64

    9 function_decl: type ID MK_LPAREN MK_RPAREN . MK_LBRACE block MK_RBRACE

    MK_LBRACE  shift, and go to state 107


状态 65

    7 function_decl: type ID MK_LPAREN param_list . MK_RPAREN MK_LBRACE block MK_RBRACE
   11 param_list: param_list . MK_COMMA param

    MK_RPAREN  shift, and go to state 108
    MK_COMMA   shift, and go to state 78


状态 66

   49 init_id: ID .
   50        | ID . dim_decl
   51        | ID . OP_ASSIGN relop_expr

    OP_ASSIGN  shift, and go to state 34
    MK_LB      shift, and go to state 27

    $default  reduce using rule 49 (init_id)

    dim_decl  转到状态 36


状态 67

   48 init_id_list: init_id_list MK_COMMA init_id .

    $default  reduce using rule 48 (init_id_list)


状态 68

   39 cexpr: cexpr . OP_PLUS mcexpr
   40      | cexpr . OP_MINUS mcexpr
   46 cfactor: MK_LPAREN cexpr . MK_RPAREN

    OP_PLUS    shift, and go to state 69
    OP_MINUS   shift, and go to state 70
    MK_RPAREN  shift, and go to state 109


状态 69

   39 cexpr: cexpr OP_PLUS . mcexpr

    CONST      shift, and go to state 39
    MK_LPAREN  shift, and go to state 40

    mcexpr   转到状态 110
    cfactor  转到状态 43


状态 70

   40 cexpr: cexpr OP_MINUS . mcexpr

    CONST      shift, and go to state 39
    MK_LPAREN  shift, and go to state 40

    mcexpr   转到状态 111
    cfactor  转到状态 43


状态 71

   37 dim_decl: MK_LB cexpr MK_RB .

    $default  reduce using rule 37 (dim_decl)


状态 72

   42 mcexpr: mcexpr OP_TIMES . cfactor

    CONST      shift, and go to state 39
    MK_LPAREN  shift, and go to state 40

    cfactor  转到状态 112


状态 73

   43 mcexpr: mcexpr OP_DIVIDE . cfactor

    CONST      shift, and go to state 39
    MK_LPAREN  shift, and go to state 40

    cfactor  转到状态 113


状态 74

   38 dim_decl: dim_decl MK_LB cexpr . MK_RB
   39 cexpr: cexpr . OP_PLUS mcexpr
   40      | cexpr . OP_MINUS mcexpr

    OP_PLUS   shift, and go to state 69
    OP_MINUS  shift, and go to state 70
    MK_RB     shift, and go to state 114


状态 75

   35 id_list: id_list MK_COMMA ID dim_decl .
   38 dim_decl: dim_decl . MK_LB cexpr MK_RB

    MK_LB  shift, and go to state 44

    $default  reduce using rule 35 (id_list)


状态 76

   10 function_decl: VOID ID MK_LPAREN MK_RPAREN MK_LBRACE . block MK_RBRACE

    ID            shift, and go to state 115
    INT           shift, and go to state 3
    FLOAT         shift, and go to state 4
    IF            shift, and go to state 116
    WHILE         shift, and go to state 117
    FOR           shift, and go to state 118
    TYPEDEF       shift, and go to state 5
    MK_LBRACE     shift, and go to state 119
    MK_SEMICOLON  shift, and go to state 120
    RETURN        shift, and go to state 121

    $default  reduce using rule 22 (block)

    block      转到状态 122
    decl_list  转到状态 123
    decl       转到状态 11
    type_decl  转到状态 12
    var_decl   转到状态 13
    type       转到状态 124
    stmt_list  转到状态 125
    stmt       转到状态 126
    var_ref    转到状态 127


状态 77

    8 function_decl: VOID ID MK_LPAREN param_list MK_RPAREN . MK_LBRACE block MK_RBRACE

    MK_LBRACE  shift, and go to state 128


状态 78

   11 param_list: param_list MK_COMMA . param

    INT    shift, and go to state 3
    FLOAT  shift, and go to state 4

    param  转到状态 129
    type   转到状态 49


状态 79

   13 param: type ID .
   14      | type ID . dim_fn

    MK_LB  shift, and go to state 130

    $default  reduce using rule 13 (param)

    dim_fn  转到状态 131


状态 80

  110 dim_list: MK_LB . expr MK_RB

    ID         shift, and go to state 52
    CONST      shift, and go to state 53
    OP_NOT     shift, and go to state 54
    OP_MINUS   shift, and go to state 55
    MK_LPAREN  shift, and go to state 56

    expr     转到状态 132
    term     转到状态 61
    factor   转到状态 62
    var_ref  转到状态 63


状态 81

  101 factor: ID MK_LPAREN . relop_expr_list MK_RPAREN

    ID         shift, and go to state 52
    CONST      shift, and go to state 53
    OP_NOT     shift, and go to state 54
    OP_MINUS   shift, and go to state 55
    MK_LPAREN  shift, and go to state 56

    $default  reduce using rule 84 (relop_expr_list)

    relop_expr                转到状态 133
    relop_term                转到状态 58
    relop_factor              转到状态 59
    relop_expr_list           转到状态 134
    nonempty_relop_expr_list  转到状态 135
    expr                      转到状态 60
    term                      转到状态 61
    factor                    转到状态 62
    var_ref                   转到状态 63


状态 82

  108 var_ref: ID dim_list .
  109 dim_list: dim_list . MK_LB expr MK_RB

    MK_LB  shift, and go to state 136

    $default  reduce using rule 108 (var_ref)


状态 83

  103 factor: OP_NOT ID . MK_LPAREN relop_expr_list MK_RPAREN
  107 var_ref: ID .
  108        | ID . dim_list

    MK_LB      shift, and go to state 80
    MK_LPAREN  shift, and go to state 137

    $default  reduce using rule 107 (var_ref)

    dim_list  转到状态 82


状态 84

  100 factor: OP_NOT CONST .

    $default  reduce using rule 100 (factor)


状态 85

   97 factor: OP_NOT MK_LPAREN . relop_expr MK_RPAREN

    ID         shift, and go to state 52
    CONST      shift, and go to state 53
    OP_NOT     shift, and go to state 54
    OP_MINUS   shift, and go to state 55
    MK_LPAREN  shift, and go to state 56

    relop_expr    转到状态 138
    relop_term    转到状态 58
    relop_factor  转到状态 59
    expr          转到状态 60
    term          转到状态 61
    factor        转到状态 62
    var_ref       转到状态 63


状态 86

  106 factor: OP_NOT var_ref .

    $default  reduce using rule 106 (factor)


状态 87

  102 factor: OP_MINUS ID . MK_LPAREN relop_expr_list MK_RPAREN
  107 var_ref: ID .
  108        | ID . dim_list

    MK_LB      shift, and go to state 80
    MK_LPAREN  shift, and go to state 139

    $default  reduce using rule 107 (var_ref)

    dim_list  转到状态 82


状态 88

   99 factor: OP_MINUS CONST .

    $default  reduce using rule 99 (factor)


状态 89

   96 factor: OP_MINUS MK_LPAREN . relop_expr MK_RPAREN

    ID         shift, and go to state 52
    CONST      shift, and go to state 53
    OP_NOT     shift, and go to state 54
    OP_MINUS   shift, and go to state 55
    MK_LPAREN  shift, and go to state 56

    relop_expr    转到状态 140
    relop_term    转到状态 58
    relop_factor  转到状态 59
    expr          转到状态 60
    term          转到状态 61
    factor        转到状态 62
    var_ref       转到状态 63


状态 90

  105 factor: OP_MINUS var_ref .

    $default  reduce using rule 105 (factor)


状态 91

   72 relop_expr: relop_expr . OP_OR relop_term
   95 factor: MK_LPAREN relop_expr . MK_RPAREN

    OP_OR      shift, and go to state 92
    MK_RPAREN  shift, and go to state 141


状态 92

   72 relop_expr: relop_expr OP_OR . relop_term

    ID         shift, and go to state 52
    CONST      shift, and go to state 53
    OP_NOT     shift, and go to state 54
    OP_MINUS   shift, and go to state 55
    MK_LPAREN  shift, and go to state 56

    relop_term    转到状态 142
    relop_factor  转到状态 59
    expr          转到状态 60
    term          转到状态 61
    factor        转到状态 62
    var_ref       转到状态 63


状态 93

   74 relop_term: relop_term OP_AND . relop_factor

    ID         shift, and go to state 52
    CONST      shift, and go to state 53
    OP_NOT     shift, and go to state 54
    OP_MINUS   shift, and go to state 55
    MK_LPAREN  shift, and go to state 56

    relop_factor  转到状态 143
    expr          转到状态 60
    term          转到状态 61
    factor        转到状态 62
    var_ref       转到状态 63


状态 94

   77 rel_op: OP_EQ .

    $default  reduce using rule 77 (rel_op)


状态 95

   80 rel_op: OP_NE .

    $default  reduce using rule 80 (rel_op)


状态 96

   81 rel_op: OP_GT .

    $default  reduce using rule 81 (rel_op)


状态 97

   82 rel_op: OP_LT .

    $default  reduce using rule 82 (rel_op)


状态 98

   78 rel_op: OP_GE .

    $default  reduce using rule 78 (rel_op)


状态 99

   79 rel_op: OP_LE .

    $default  reduce using rule 79 (rel_op)


状态 100

   89 add_op: OP_PLUS .

    $default  reduce using rule 89 (add_op)


状态 101

   90 add_op: OP_MINUS .

    $default  reduce using rule 90 (add_op)


状态 102

   76 relop_factor: expr rel_op . expr

    ID         shift, and go to state 52
    CONST      shift, and go to state 53
    OP_NOT     shift, and go to state 54
    OP_MINUS   shift, and go to state 55
    MK_LPAREN  shift, and go to state 56

    expr     转到状态 144
    term     转到状态 61
    factor   转到状态 62
    var_ref  转到状态 63


状态 103

   87 expr: expr add_op . term

    ID         shift, and go to state 52
    CONST      shift, and go to state 53
    OP_NOT     shift, and go to state 54
    OP_MINUS   shift, and go to state 55
    MK_LPAREN  shift, and go to state 56

    term     转到状态 145
    factor   转到状态 62
    var_ref  转到状态 63


状态 104

   93 mul_op: OP_TIMES .

    $default  reduce using rule 93 (mul_op)


状态 105

   94 mul_op: OP_DIVIDE .

    $default  reduce using rule 94 (mul_op)


状态 106

   91 term: term mul_op . factor

    ID         shift, and go to state 52
    CONST      shift, and go to state 53
    OP_NOT     shift, and go to state 54
    OP_MINUS   shift, and go to state 55
    MK_LPAREN  shift, and go to state 56

    factor   转到状态 146
    var_ref  转到状态 63


状态 107

    9 function_decl: type ID MK_LPAREN MK_RPAREN MK_LBRACE . block MK_RBRACE

    ID            shift, and go to state 115
    INT           shift, and go to state 3
    FLOAT         shift, and go to state 4
    IF            shift, and go to state 116
    WHILE         shift, and go to state 117
    FOR           shift, and go to state 118
    TYPEDEF       shift, and go to state 5
    MK_LBRACE     shift, and go to state 119
    MK_SEMICOLON  shift, and go to state 120
    RETURN        shift, and go to state 121

    $default  reduce using rule 22 (block)

    block      转到状态 147
    decl_list  转到状态 123
    decl       转到状态 11
    type_decl  转到状态 12
    var_decl   转到状态 13
    type       转到状态 124
    stmt_list  转到状态 125
    stmt       转到状态 126
    var_ref    转到状态 127


状态 108

    7 function_decl: type ID MK_LPAREN param_list MK_RPAREN . MK_LBRACE block MK_RBRACE

    MK_LBRACE  shift, and go to state 148


状态 109

   46 cfactor: MK_LPAREN cexpr MK_RPAREN .

    $default  reduce using rule 46 (cfactor)


状态 110

   39 cexpr: cexpr OP_PLUS mcexpr .
   42 mcexpr: mcexpr . OP_TIMES cfactor
   43       | mcexpr . OP_DIVIDE cfactor

    OP_TIMES   shift, and go to state 72
    OP_DIVIDE  shift, and go to state 73

    $default  reduce using rule 39 (cexpr)


状态 111

   40 cexpr: cexpr OP_MINUS mcexpr .
   42 mcexpr: mcexpr . OP_TIMES cfactor
   43       | mcexpr . OP_DIVIDE cfactor

    OP_TIMES   shift, and go to state 72
    OP_DIVIDE  shift, and go to state 73

    $default  reduce using rule 40 (cexpr)


状态 112

   42 mcexpr: mcexpr OP_TIMES cfactor .

    $default  reduce using rule 42 (mcexpr)


状态 113

   43 mcexpr: mcexpr OP_DIVIDE cfactor .

    $default  reduce using rule 43 (mcexpr)


状态 114

   38 dim_decl: dim_decl MK_LB cexpr MK_RB .

    $default  reduce using rule 38 (dim_decl)


状态 115

   30 var_decl: ID . id_list MK_SEMICOLON
   59 stmt: ID . MK_LPAREN relop_expr_list MK_RPAREN MK_SEMICOLON
  107 var_ref: ID .
  108        | ID . dim_list

    ID         shift, and go to state 15
    MK_LB      shift, and go to state 80
    MK_LPAREN  shift, and go to state 149

    $default  reduce using rule 107 (var_ref)

    id_list   转到状态 16
    dim_list  转到状态 82


状态 116

   58 stmt: IF . MK_LPAREN relop_expr_list MK_RPAREN stmt else_stmt

    MK_LPAREN  shift, and go to state 150


状态 117

   55 stmt: WHILE . MK_LPAREN relop_expr_list MK_RPAREN stmt

    MK_LPAREN  shift, and go to state 151


状态 118

   56 stmt: FOR . MK_LPAREN assign_expr_list MK_SEMICOLON relop_expr_list MK_SEMICOLON assign_expr_list MK_RPAREN stmt

    MK_LPAREN  shift, and go to state 152


状态 119

   54 stmt: MK_LBRACE . block MK_RBRACE

    ID            shift, and go to state 115
    INT           shift, and go to state 3
    FLOAT         shift, and go to state 4
    IF            shift, and go to state 116
    WHILE         shift, and go to state 117
    FOR           shift, and go to state 118
    TYPEDEF       shift, and go to state 5
    MK_LBRACE     shift, and go to state 119
    MK_SEMICOLON  shift, and go to state 120
    RETURN        shift, and go to state 121

    $default  reduce using rule 22 (block)

    block      转到状态 153
    decl_list  转到状态 123
    decl       转到状态 11
    type_decl  转到状态 12
    var_decl   转到状态 13
    type       转到状态 124
    stmt_list  转到状态 125
    stmt       转到状态 126
    var_ref    转到状态 127


状态 120

   60 stmt: MK_SEMICOLON .

    $default  reduce using rule 60 (stmt)


状态 121

   61 stmt: RETURN . MK_SEMICOLON
   62     | RETURN . relop_expr MK_SEMICOLON

    ID            shift, and go to state 52
    CONST         shift, and go to state 53
    OP_NOT        shift, and go to state 54
    OP_MINUS      shift, and go to state 55
    MK_LPAREN     shift, and go to state 56
    MK_SEMICOLON  shift, and go to state 154

    relop_expr    转到状态 155
    relop_term    转到状态 58
    relop_factor  转到状态 59
    expr          转到状态 60
    term          转到状态 61
    factor        转到状态 62
    var_ref       转到状态 63


状态 122

   10 function_decl: VOID ID MK_LPAREN MK_RPAREN MK_LBRACE block . MK_RBRACE

    MK_RBRACE  shift, and go to state 156


状态 123

   19 block: decl_list . stmt_list
   21      | decl_list .
   23 decl_list: decl_list . decl

    ID            shift, and go to state 115
    INT           shift, and go to state 3
    FLOAT         shift, and go to state 4
    IF            shift, and go to state 116
    WHILE         shift, and go to state 117
    FOR           shift, and go to state 118
    TYPEDEF       shift, and go to state 5
    MK_LBRACE     shift, and go to state 119
    MK_SEMICOLON  shift, and go to state 120
    RETURN        shift, and go to state 121

    $default  reduce using rule 21 (block)

    decl       转到状态 23
    type_decl  转到状态 12
    var_decl   转到状态 13
    type       转到状态 124
    stmt_list  转到状态 157
    stmt       转到状态 126
    var_ref    转到状态 127


状态 124

   29 var_decl: type . init_id_list MK_SEMICOLON

    ID  shift, and go to state 66

    init_id_list  转到状态 25
    init_id       转到状态 26


状态 125

   20 block: stmt_list .
   52 stmt_list: stmt_list . stmt

    ID            shift, and go to state 158
    IF            shift, and go to state 116
    WHILE         shift, and go to state 117
    FOR           shift, and go to state 118
    MK_LBRACE     shift, and go to state 119
    MK_SEMICOLON  shift, and go to state 120
    RETURN        shift, and go to state 121

    $default  reduce using rule 20 (block)

    stmt     转到状态 159
    var_ref  转到状态 127


状态 126

   53 stmt_list: stmt .

    $default  reduce using rule 53 (stmt_list)


状态 127

   57 stmt: var_ref . OP_ASSIGN relop_expr MK_SEMICOLON

    OP_ASSIGN  shift, and go to state 160


状态 128

    8 function_decl: VOID ID MK_LPAREN param_list MK_RPAREN MK_LBRACE . block MK_RBRACE

    ID            shift, and go to state 115
    INT           shift, and go to state 3
    FLOAT         shift, and go to state 4
    IF            shift, and go to state 116
    WHILE         shift, and go to state 117
    FOR           shift, and go to state 118
    TYPEDEF       shift, and go to state 5
    MK_LBRACE     shift, and go to state 119
    MK_SEMICOLON  shift, and go to state 120
    RETURN        shift, and go to state 121

    $default  reduce using rule 22 (block)

    block      转到状态 161
    decl_list  转到状态 123
    decl       转到状态 11
    type_decl  转到状态 12
    var_decl   转到状态 13
    type       转到状态 124
    stmt_list  转到状态 125
    stmt       转到状态 126
    var_ref    转到状态 127


状态 129

   11 param_list: param_list MK_COMMA param .

    $default  reduce using rule 11 (param_list)


状态 130

   15 dim_fn: MK_LB . expr_null MK_RB

    ID         shift, and go to state 52
    CONST      shift, and go to state 53
    OP_NOT     shift, and go to state 54
    OP_MINUS   shift, and go to state 55
    MK_LPAREN  shift, and go to state 56

    $default  reduce using rule 18 (expr_null)

    expr_null  转到状态 162
    expr       转到状态 163
    term       转到状态 61
    factor     转到状态 62
    var_ref    转到状态 63


状态 131

   14 param: type ID dim_fn .
   16 dim_fn: dim_fn . MK_LB expr MK_RB

    MK_LB  shift, and go to state 164

    $default  reduce using rule 14 (param)


状态 132

   87 expr: expr . add_op term
  110 dim_list: MK_LB expr . MK_RB

    OP_PLUS   shift, and go to state 100
    OP_MINUS  shift, and go to state 101
    MK_RB     shift, and go to state 165

    add_op  转到状态 103


状态 133

   72 relop_expr: relop_expr . OP_OR relop_term
   86 nonempty_relop_expr_list: relop_expr .

    OP_OR  shift, and go to state 92

    $default  reduce using rule 86 (nonempty_relop_expr_list)


状态 134

  101 factor: ID MK_LPAREN relop_expr_list . MK_RPAREN

    MK_RPAREN  shift, and go to state 166


状态 135

   83 relop_expr_list: nonempty_relop_expr_list .
   85 nonempty_relop_expr_list: nonempty_relop_expr_list . MK_COMMA relop_expr

    MK_COMMA  shift, and go to state 167

    $default  reduce using rule 83 (relop_expr_list)


状态 136

  109 dim_list: dim_list MK_LB . expr MK_RB

    ID         shift, and go to state 52
    CONST      shift, and go to state 53
    OP_NOT     shift, and go to state 54
    OP_MINUS   shift, and go to state 55
    MK_LPAREN  shift, and go to state 56

    expr     转到状态 168
    term     转到状态 61
    factor   转到状态 62
    var_ref  转到状态 63


状态 137

  103 factor: OP_NOT ID MK_LPAREN . relop_expr_list MK_RPAREN

    ID         shift, and go to state 52
    CONST      shift, and go to state 53
    OP_NOT     shift, and go to state 54
    OP_MINUS   shift, and go to state 55
    MK_LPAREN  shift, and go to state 56

    $default  reduce using rule 84 (relop_expr_list)

    relop_expr                转到状态 133
    relop_term                转到状态 58
    relop_factor              转到状态 59
    relop_expr_list           转到状态 169
    nonempty_relop_expr_list  转到状态 135
    expr                      转到状态 60
    term                      转到状态 61
    factor                    转到状态 62
    var_ref                   转到状态 63


状态 138

   72 relop_expr: relop_expr . OP_OR relop_term
   97 factor: OP_NOT MK_LPAREN relop_expr . MK_RPAREN

    OP_OR      shift, and go to state 92
    MK_RPAREN  shift, and go to state 170


状态 139

  102 factor: OP_MINUS ID MK_LPAREN . relop_expr_list MK_RPAREN

    ID         shift, and go to state 52
    CONST      shift, and go to state 53
    OP_NOT     shift, and go to state 54
    OP_MINUS   shift, and go to state 55
    MK_LPAREN  shift, and go to state 56

    $default  reduce using rule 84 (relop_expr_list)

    relop_expr                转到状态 133
    relop_term                转到状态 58
    relop_factor              转到状态 59
    relop_expr_list           转到状态 171
    nonempty_relop_expr_list  转到状态 135
    expr                      转到状态 60
    term                      转到状态 61
    factor                    转到状态 62
    var_ref                   转到状态 63


状态 140

   72 relop_expr: relop_expr . OP_OR relop_term
   96 factor: OP_MINUS MK_LPAREN relop_expr . MK_RPAREN

    OP_OR      shift, and go to state 92
    MK_RPAREN  shift, and go to state 172


状态 141

   95 factor: MK_LPAREN relop_expr MK_RPAREN .

    $default  reduce using rule 95 (factor)


状态 142

   72 relop_expr: relop_expr OP_OR relop_term .
   74 relop_term: relop_term . OP_AND relop_factor

    OP_AND  shift, and go to state 93

    $default  reduce using rule 72 (relop_expr)


状态 143

   74 relop_term: relop_term OP_AND relop_factor .

    $default  reduce using rule 74 (relop_term)


状态 144

   76 relop_factor: expr rel_op expr .
   87 expr: expr . add_op term

    OP_PLUS   shift, and go to state 100
    OP_MINUS  shift, and go to state 101

    $default  reduce using rule 76 (relop_factor)

    add_op  转到状态 103


状态 145

   87 expr: expr add_op term .
   91 term: term . mul_op factor

    OP_TIMES   shift, and go to state 104
    OP_DIVIDE  shift, and go to state 105

    $default  reduce using rule 87 (expr)

    mul_op  转到状态 106


状态 146

   91 term: term mul_op factor .

    $default  reduce using rule 91 (term)


状态 147

    9 function_decl: type ID MK_LPAREN MK_RPAREN MK_LBRACE block . MK_RBRACE

    MK_RBRACE  shift, and go to state 173


状态 148

    7 function_decl: type ID MK_LPAREN param_list MK_RPAREN MK_LBRACE . block MK_RBRACE

    ID            shift, and go to state 115
    INT           shift, and go to state 3
    FLOAT         shift, and go to state 4
    IF            shift, and go to state 116
    WHILE         shift, and go to state 117
    FOR           shift, and go to state 118
    TYPEDEF       shift, and go to state 5
    MK_LBRACE     shift, and go to state 119
    MK_SEMICOLON  shift, and go to state 120
    RETURN        shift, and go to state 121

    $default  reduce using rule 22 (block)

    block      转到状态 174
    decl_list  转到状态 123
    decl       转到状态 11
    type_decl  转到状态 12
    var_decl   转到状态 13
    type       转到状态 124
    stmt_list  转到状态 125
    stmt       转到状态 126
    var_ref    转到状态 127


状态 149

   59 stmt: ID MK_LPAREN . relop_expr_list MK_RPAREN MK_SEMICOLON

    ID         shift, and go to state 52
    CONST      shift, and go to state 53
    OP_NOT     shift, and go to state 54
    OP_MINUS   shift, and go to state 55
    MK_LPAREN  shift, and go to state 56

    $default  reduce using rule 84 (relop_expr_list)

    relop_expr                转到状态 133
    relop_term                转到状态 58
    relop_factor              转到状态 59
    relop_expr_list           转到状态 175
    nonempty_relop_expr_list  转到状态 135
    expr                      转到状态 60
    term                      转到状态 61
    factor                    转到状态 62
    var_ref                   转到状态 63


状态 150

   58 stmt: IF MK_LPAREN . relop_expr_list MK_RPAREN stmt else_stmt

    ID         shift, and go to state 52
    CONST      shift, and go to state 53
    OP_NOT     shift, and go to state 54
    OP_MINUS   shift, and go to state 55
    MK_LPAREN  shift, and go to state 56

    $default  reduce using rule 84 (relop_expr_list)

    relop_expr                转到状态 133
    relop_term                转到状态 58
    relop_factor              转到状态 59
    relop_expr_list           转到状态 176
    nonempty_relop_expr_list  转到状态 135
    expr                      转到状态 60
    term                      转到状态 61
    factor                    转到状态 62
    var_ref                   转到状态 63


状态 151

   55 stmt: WHILE MK_LPAREN . relop_expr_list MK_RPAREN stmt

    ID         shift, and go to state 52
    CONST      shift, and go to state 53
    OP_NOT     shift, and go to state 54
    OP_MINUS   shift, and go to state 55
    MK_LPAREN  shift, and go to state 56

    $default  reduce using rule 84 (relop_expr_list)

    relop_expr                转到状态 133
    relop_term                转到状态 58
    relop_factor              转到状态 59
    relop_expr_list           转到状态 177
    nonempty_relop_expr_list  转到状态 135
    expr                      转到状态 60
    term                      转到状态 61
    factor                    转到状态 62
    var_ref                   转到状态 63


状态 152

   56 stmt: FOR MK_LPAREN . assign_expr_list MK_SEMICOLON relop_expr_list MK_SEMICOLON assign_expr_list MK_RPAREN stmt

    ID         shift, and go to state 178
    CONST      shift, and go to state 53
    OP_NOT     shift, and go to state 54
    OP_MINUS   shift, and go to state 55
    MK_LPAREN  shift, and go to state 56

    $default  reduce using rule 66 (assign_expr_list)

    assign_expr_list           转到状态 179
    nonempty_assign_expr_list  转到状态 180
    assign_expr                转到状态 181
    relop_expr                 转到状态 182
    relop_term                 转到状态 58
    relop_factor               转到状态 59
    expr                       转到状态 60
    term                       转到状态 61
    factor                     转到状态 62
    var_ref                    转到状态 63


状态 153

   54 stmt: MK_LBRACE block . MK_RBRACE

    MK_RBRACE  shift, and go to state 183


状态 154

   61 stmt: RETURN MK_SEMICOLON .

    $default  reduce using rule 61 (stmt)


状态 155

   62 stmt: RETURN relop_expr . MK_SEMICOLON
   72 relop_expr: relop_expr . OP_OR relop_term

    OP_OR         shift, and go to state 92
    MK_SEMICOLON  shift, and go to state 184


状态 156

   10 function_decl: VOID ID MK_LPAREN MK_RPAREN MK_LBRACE block MK_RBRACE .

    $default  reduce using rule 10 (function_decl)


状态 157

   19 block: decl_list stmt_list .
   52 stmt_list: stmt_list . stmt

    ID            shift, and go to state 158
    IF            shift, and go to state 116
    WHILE         shift, and go to state 117
    FOR           shift, and go to state 118
    MK_LBRACE     shift, and go to state 119
    MK_SEMICOLON  shift, and go to state 120
    RETURN        shift, and go to state 121

    $default  reduce using rule 19 (block)

    stmt     转到状态 159
    var_ref  转到状态 127


状态 158

   59 stmt: ID . MK_LPAREN relop_expr_list MK_RPAREN MK_SEMICOLON
  107 var_ref: ID .
  108        | ID . dim_list

    MK_LB      shift, and go to state 80
    MK_LPAREN  shift, and go to state 149

    $default  reduce using rule 107 (var_ref)

    dim_list  转到状态 82


状态 159

   52 stmt_list: stmt_list stmt .

    $default  reduce using rule 52 (stmt_list)


状态 160

   57 stmt: var_ref OP_ASSIGN . relop_expr MK_SEMICOLON

    ID         shift, and go to state 52
    CONST      shift, and go to state 53
    OP_NOT     shift, and go to state 54
    OP_MINUS   shift, and go to state 55
    MK_LPAREN  shift, and go to state 56

    relop_expr    转到状态 185
    relop_term    转到状态 58
    relop_factor  转到状态 59
    expr          转到状态 60
    term          转到状态 61
    factor        转到状态 62
    var_ref       转到状态 63


状态 161

    8 function_decl: VOID ID MK_LPAREN param_list MK_RPAREN MK_LBRACE block . MK_RBRACE

    MK_RBRACE  shift, and go to state 186


状态 162

   15 dim_fn: MK_LB expr_null . MK_RB

    MK_RB  shift, and go to state 187


状态 163

   17 expr_null: expr .
   87 expr: expr . add_op term

    OP_PLUS   shift, and go to state 100
    OP_MINUS  shift, and go to state 101

    $default  reduce using rule 17 (expr_null)

    add_op  转到状态 103


状态 164

   16 dim_fn: dim_fn MK_LB . expr MK_RB

    ID         shift, and go to state 52
    CONST      shift, and go to state 53
    OP_NOT     shift, and go to state 54
    OP_MINUS   shift, and go to state 55
    MK_LPAREN  shift, and go to state 56

    expr     转到状态 188
    term     转到状态 61
    factor   转到状态 62
    var_ref  转到状态 63


状态 165

  110 dim_list: MK_LB expr MK_RB .

    $default  reduce using rule 110 (dim_list)


状态 166

  101 factor: ID MK_LPAREN relop_expr_list MK_RPAREN .

    $default  reduce using rule 101 (factor)


状态 167

   85 nonempty_relop_expr_list: nonempty_relop_expr_list MK_COMMA . relop_expr

    ID         shift, and go to state 52
    CONST      shift, and go to state 53
    OP_NOT     shift, and go to state 54
    OP_MINUS   shift, and go to state 55
    MK_LPAREN  shift, and go to state 56

    relop_expr    转到状态 189
    relop_term    转到状态 58
    relop_factor  转到状态 59
    expr          转到状态 60
    term          转到状态 61
    factor        转到状态 62
    var_ref       转到状态 63


状态 168

   87 expr: expr . add_op term
  109 dim_list: dim_list MK_LB expr . MK_RB

    OP_PLUS   shift, and go to state 100
    OP_MINUS  shift, and go to state 101
    MK_RB     shift, and go to state 190

    add_op  转到状态 103


状态 169

  103 factor: OP_NOT ID MK_LPAREN relop_expr_list . MK_RPAREN

    MK_RPAREN  shift, and go to state 191


状态 170

   97 factor: OP_NOT MK_LPAREN relop_expr MK_RPAREN .

    $default  reduce using rule 97 (factor)


状态 171

  102 factor: OP_MINUS ID MK_LPAREN relop_expr_list . MK_RPAREN

    MK_RPAREN  shift, and go to state 192


状态 172

   96 factor: OP_MINUS MK_LPAREN relop_expr MK_RPAREN .

    $default  reduce using rule 96 (factor)


状态 173

    9 function_decl: type ID MK_LPAREN MK_RPAREN MK_LBRACE block MK_RBRACE .

    $default  reduce using rule 9 (function_decl)


状态 174

    7 function_decl: type ID MK_LPAREN param_list MK_RPAREN MK_LBRACE block . MK_RBRACE

    MK_RBRACE  shift, and go to state 193


状态 175

   59 stmt: ID MK_LPAREN relop_expr_list . MK_RPAREN MK_SEMICOLON

    MK_RPAREN  shift, and go to state 194


状态 176

   58 stmt: IF MK_LPAREN relop_expr_list . MK_RPAREN stmt else_stmt

    MK_RPAREN  shift, and go to state 195


状态 177

   55 stmt: WHILE MK_LPAREN relop_expr_list . MK_RPAREN stmt

    MK_RPAREN  shift, and go to state 196


状态 178

   69 assign_expr: ID . OP_ASSIGN relop_expr
  101 factor: ID . MK_LPAREN relop_expr_list MK_RPAREN
  107 var_ref: ID .
  108        | ID . dim_list

    OP_ASSIGN  shift, and go to state 197
    MK_LB      shift, and go to state 80
    MK_LPAREN  shift, and go to state 81

    $default  reduce using rule 107 (var_ref)

    dim_list  转到状态 82


状态 179

   56 stmt: FOR MK_LPAREN assign_expr_list . MK_SEMICOLON relop_expr_list MK_SEMICOLON assign_expr_list MK_RPAREN stmt

    MK_SEMICOLON  shift, and go to state 198


状态 180

   65 assign_expr_list: nonempty_assign_expr_list .
   67 nonempty_assign_expr_list: nonempty_assign_expr_list . MK_COMMA assign_expr

    MK_COMMA  shift, and go to state 199

    $default  reduce using rule 65 (assign_expr_list)


状态 181

   68 nonempty_assign_expr_list: assign_expr .

    $default  reduce using rule 68 (nonempty_assign_expr_list)


状态 182

   70 assign_expr: relop_expr .
   72 relop_expr: relop_expr . OP_OR relop_term

    OP_OR  shift, and go to state 92

    $default  reduce using rule 70 (assign_expr)


状态 183

   54 stmt: MK_LBRACE block MK_RBRACE .

    $default  reduce using rule 54 (stmt)


状态 184

   62 stmt: RETURN relop_expr MK_SEMICOLON .

    $default  reduce using rule 62 (stmt)


状态 185

   57 stmt: var_ref OP_ASSIGN relop_expr . MK_SEMICOLON
   72 relop_expr: relop_expr . OP_OR relop_term

    OP_OR         shift, and go to state 92
    MK_SEMICOLON  shift, and go to state 200


状态 186

    8 function_decl: VOID ID MK_LPAREN param_list MK_RPAREN MK_LBRACE block MK_RBRACE .

    $default  reduce using rule 8 (function_decl)


状态 187

   15 dim_fn: MK_LB expr_null MK_RB .

    $default  reduce using rule 15 (dim_fn)


状态 188

   16 dim_fn: dim_fn MK_LB expr . MK_RB
   87 expr: expr . add_op term

    OP_PLUS   shift, and go to state 100
    OP_MINUS  shift, and go to state 101
    MK_RB     shift, and go to state 201

    add_op  转到状态 103


状态 189

   72 relop_expr: relop_expr . OP_OR relop_term
   85 nonempty_relop_expr_list: nonempty_relop_expr_list MK_COMMA relop_expr .

    OP_OR  shift, and go to state 92

    $default  reduce using rule 85 (nonempty_relop_expr_list)


状态 190

  109 dim_list: dim_list MK_LB expr MK_RB .

    $default  reduce using rule 109 (dim_list)


状态 191

  103 factor: OP_NOT ID MK_LPAREN relop_expr_list MK_RPAREN .

    $default  reduce using rule 103 (factor)


状态 192

  102 factor: OP_MINUS ID MK_LPAREN relop_expr_list MK_RPAREN .

    $default  reduce using rule 102 (factor)


状态 193

    7 function_decl: type ID MK_LPAREN param_list MK_RPAREN MK_LBRACE block MK_RBRACE .

    $default  reduce using rule 7 (function_decl)


状态 194

   59 stmt: ID MK_LPAREN relop_expr_list MK_RPAREN . MK_SEMICOLON

    MK_SEMICOLON  shift, and go to state 202


状态 195

   58 stmt: IF MK_LPAREN relop_expr_list MK_RPAREN . stmt else_stmt

    ID            shift, and go to state 158
    IF            shift, and go to state 116
    WHILE         shift, and go to state 117
    FOR           shift, and go to state 118
    MK_LBRACE     shift, and go to state 119
    MK_SEMICOLON  shift, and go to state 120
    RETURN        shift, and go to state 121

    stmt     转到状态 203
    var_ref  转到状态 127


状态 196

   55 stmt: WHILE MK_LPAREN relop_expr_list MK_RPAREN . stmt

    ID            shift, and go to state 158
    IF            shift, and go to state 116
    WHILE         shift, and go to state 117
    FOR           shift, and go to state 118
    MK_LBRACE     shift, and go to state 119
    MK_SEMICOLON  shift, and go to state 120
    RETURN        shift, and go to state 121

    stmt     转到状态 204
    var_ref  转到状态 127


状态 197

   69 assign_expr: ID OP_ASSIGN . relop_expr

    ID         shift, and go to state 52
    CONST      shift, and go to state 53
    OP_NOT     shift, and go to state 54
    OP_MINUS   shift, and go to state 55
    MK_LPAREN  shift, and go to state 56

    relop_expr    转到状态 205
    relop_term    转到状态 58
    relop_factor  转到状态 59
    expr          转到状态 60
    term          转到状态 61
    factor        转到状态 62
    var_ref       转到状态 63


状态 198

   56 stmt: FOR MK_LPAREN assign_expr_list MK_SEMICOLON . relop_expr_list MK_SEMICOLON assign_expr_list MK_RPAREN stmt

    ID         shift, and go to state 52
    CONST      shift, and go to state 53
    OP_NOT     shift, and go to state 54
    OP_MINUS   shift, and go to state 55
    MK_LPAREN  shift, and go to state 56

    $default  reduce using rule 84 (relop_expr_list)

    relop_expr                转到状态 133
    relop_term                转到状态 58
    relop_factor              转到状态 59
    relop_expr_list           转到状态 206
    nonempty_relop_expr_list  转到状态 135
    expr                      转到状态 60
    term                      转到状态 61
    factor                    转到状态 62
    var_ref                   转到状态 63


状态 199

   67 nonempty_assign_expr_list: nonempty_assign_expr_list MK_COMMA . assign_expr

    ID         shift, and go to state 178
    CONST      shift, and go to state 53
    OP_NOT     shift, and go to state 54
    OP_MINUS   shift, and go to state 55
    MK_LPAREN  shift, and go to state 56

    assign_expr   转到状态 207
    relop_expr    转到状态 182
    relop_term    转到状态 58
    relop_factor  转到状态 59
    expr          转到状态 60
    term          转到状态 61
    factor        转到状态 62
    var_ref       转到状态 63


状态 200

   57 stmt: var_ref OP_ASSIGN relop_expr MK_SEMICOLON .

    $default  reduce using rule 57 (stmt)


状态 201

   16 dim_fn: dim_fn MK_LB expr MK_RB .

    $default  reduce using rule 16 (dim_fn)


状态 202

   59 stmt: ID MK_LPAREN relop_expr_list MK_RPAREN MK_SEMICOLON .

    $default  reduce using rule 59 (stmt)


状态 203

   58 stmt: IF MK_LPAREN relop_expr_list MK_RPAREN stmt . else_stmt

    ELSE  shift, and go to state 208

    ELSE      [reduce using rule 64 (else_stmt)]
    $default  reduce using rule 64 (else_stmt)

    else_stmt  转到状态 209


状态 204

   55 stmt: WHILE MK_LPAREN relop_expr_list MK_RPAREN stmt .

    $default  reduce using rule 55 (stmt)


状态 205

   69 assign_expr: ID OP_ASSIGN relop_expr .
   72 relop_expr: relop_expr . OP_OR relop_term

    OP_OR  shift, and go to state 92

    $default  reduce using rule 69 (assign_expr)


状态 206

   56 stmt: FOR MK_LPAREN assign_expr_list MK_SEMICOLON relop_expr_list . MK_SEMICOLON assign_expr_list MK_RPAREN stmt

    MK_SEMICOLON  shift, and go to state 210


状态 207

   67 nonempty_assign_expr_list: nonempty_assign_expr_list MK_COMMA assign_expr .

    $default  reduce using rule 67 (nonempty_assign_expr_list)


状态 208

   63 else_stmt: ELSE . stmt

    ID            shift, and go to state 158
    IF            shift, and go to state 116
    WHILE         shift, and go to state 117
    FOR           shift, and go to state 118
    MK_LBRACE     shift, and go to state 119
    MK_SEMICOLON  shift, and go to state 120
    RETURN        shift, and go to state 121

    stmt     转到状态 211
    var_ref  转到状态 127


状态 209

   58 stmt: IF MK_LPAREN relop_expr_list MK_RPAREN stmt else_stmt .

    $default  reduce using rule 58 (stmt)


状态 210

   56 stmt: FOR MK_LPAREN assign_expr_list MK_SEMICOLON relop_expr_list MK_SEMICOLON . assign_expr_list MK_RPAREN stmt

    ID         shift, and go to state 178
    CONST      shift, and go to state 53
    OP_NOT     shift, and go to state 54
    OP_MINUS   shift, and go to state 55
    MK_LPAREN  shift, and go to state 56

    $default  reduce using rule 66 (assign_expr_list)

    assign_expr_list           转到状态 212
    nonempty_assign_expr_list  转到状态 180
    assign_expr                转到状态 181
    relop_expr                 转到状态 182
    relop_term                 转到状态 58
    relop_factor               转到状态 59
    expr                       转到状态 60
    term                       转到状态 61
    factor                     转到状态 62
    var_ref                    转到状态 63


状态 211

   63 else_stmt: ELSE stmt .

    $default  reduce using rule 63 (else_stmt)


状态 212

   56 stmt: FOR MK_LPAREN assign_expr_list MK_SEMICOLON relop_expr_list MK_SEMICOLON assign_expr_list . MK_RPAREN stmt

    MK_RPAREN  shift, and go to state 213


状态 213

   56 stmt: FOR MK_LPAREN assign_expr_list MK_SEMICOLON relop_expr_list MK_SEMICOLON assign_expr_list MK_RPAREN . stmt

    ID            shift, and go to state 158
    IF            shift, and go to state 116
    WHILE         shift, and go to state 117
    FOR           shift, and go to state 118
    MK_LBRACE     shift, and go to state 119
    MK_SEMICOLON  shift, and go to state 120
    RETURN        shift, and go to state 121

    stmt     转到状态 214
    var_ref  转到状态 127


状态 214

   56 stmt: FOR MK_LPAREN assign_expr_list MK_SEMICOLON relop_expr_list MK_SEMICOLON assign_expr_list MK_RPAREN stmt .

    $default  reduce using rule 56 (stmt)
